<?xml version="1.0" encoding="UTF-8"?>
<testng-results ignored="0" total="1" passed="1" failed="0" skipped="0">
  <reporter-output>
  </reporter-output>
  <suite started-at="2023-11-03T15:34:26 IST" name="Default suite" finished-at="2023-11-03T15:34:47 IST" duration-ms="21018">
    <groups>
    </groups>
    <test started-at="2023-11-03T15:34:26 IST" name="Default test" finished-at="2023-11-03T15:34:47 IST" duration-ms="21018">
      <class name="NewTest">
        <test-method signature="getUrl()[pri:0, instance:NewTest@5a45133e]" started-at="2023-11-03T15:34:26 IST" name="getUrl" finished-at="2023-11-03T15:34:47 IST" duration-ms="20945" status="PASS">
          <reporter-output>
          </reporter-output>
        </test-method> <!-- getUrl -->
      </class> <!-- NewTest -->
    </test> <!-- Default test -->
  </suite> <!-- Default suite -->
</testng-results>
